GSNAP version 2017-01-14 called with args: /home/wxk/software/Gmap/bin/gsnap.avx2 -D /home/wxk/ref/tomato/tomato/index_gsnap -d tomato --nthread=2 -B 3 -N 0 -n 2 -Q --nofails --format=sam /home/wxk/RNA_seq/Nagu_summer/trim/2.trim.fastq
srun: error: c7-30: task 0: Exited with exit code 9
Neither novel splicing (-N) nor known splicing (-s) turned on => assume reads are DNA-Seq (genomic)
Checking compiler assumptions for SSE2: 6B8B4567 327B23C6 xor=59F066A1
Checking compiler assumptions for SSE4.1: -103 -58 max=198 => compiler zero extends
Checking compiler assumptions for SSE4.2 options: 6B8B4567 __builtin_clz=1 __builtin_ctz=0 _mm_popcnt_u32=17 __builtin_popcount=17 
Finished checking compiler assumptions
Unable to find genome directory /home/wxk/ref/tomato/tomato/index_gsnap.  Either recompile the GMAP package
to have the correct default directory (seen by doing gmap --version),
or use the -D flag to gmap to specify the correct genome directory.
srun: Job step aborted: Waiting up to 32 seconds for job step to finish.
srun: got SIGCONT
slurmstepd: error: *** JOB 3719081 ON c7-30 CANCELLED AT 2017-02-07T00:33:33 ***
srun: forcing job termination
slurmstepd: error: *** STEP 3719081.1 ON c7-30 CANCELLED AT 2017-02-07T00:33:33 ***
srun: error: c7-30: task 0: Terminated
